\BOOKMARK [0][-]{section*.1}{\376\377\000T\000e\000c\000h\000n\000i\000c\000a\000l\000\040\000D\000e\000s\000c\000r\000i\000p\000t\000i\000o\000n}{}% 1
\BOOKMARK [1][-]{section*.2}{\376\377\000I\000n\000t\000r\000o\000d\000u\000c\000t\000i\000o\000n}{section*.1}% 2
\BOOKMARK [1][-]{section*.3}{\376\377\000V\000e\000r\000i\000f\000i\000c\000a\000t\000i\000o\000n\000\040\000o\000f\000\040\000D\000a\000t\000a}{section*.1}% 3
\BOOKMARK [1][-]{section*.4}{\376\377\000G\000o\000o\000g\000l\000e\000/\000A\000p\000p\000l\000e\000\040\000P\000r\000i\000v\000a\000c\000y\000-\000P\000r\000e\000s\000e\000r\000v\000i\000n\000g\000\040\000C\000o\000n\000t\000a\000c\000t\000\040\000T\000r\000a\000c\000i\000n\000g\000\040\000S\000i\000m\000i\000l\000a\000r\000i\000t\000i\000e\000s}{section*.1}% 4
\BOOKMARK [0][-]{section*.5}{\376\377\000W\000e\000b\000\040\000S\000e\000r\000v\000i\000c\000e}{}% 5
\BOOKMARK [1][-]{subsection*.6}{\376\377\000I\000n\000t\000r\000o\000d\000u\000c\000t\000i\000o\000n}{section*.5}% 6
\BOOKMARK [1][-]{section*.7}{\376\377\000\040\000/\000v\0001\000/\000g\000a\000e\000n\000/\000\040}{section*.5}% 7
\BOOKMARK [2][-]{subsection*.8}{\376\377\000R\000e\000s\000p\000o\000n\000s\000e\000s}{section*.7}% 8
\BOOKMARK [3][-]{subsubsection*.9}{\376\377\000\040\0002\0000\0000\000\040\000S\000u\000c\000c\000e\000s\000s\000\040}{subsection*.8}% 9
\BOOKMARK [1][-]{section*.10}{\376\377\000\040\000/\000v\0001\000/\000g\000a\000e\000n\000/\000e\000x\000p\000o\000s\000e\000d\000\040}{section*.5}% 10
\BOOKMARK [2][-]{subsection*.11}{\376\377\000\040\000R\000e\000q\000u\000e\000s\000t\000\040\000H\000e\000a\000d\000e\000r\000s\000\040}{section*.10}% 11
\BOOKMARK [2][-]{subsection*.12}{\376\377\000\040\000R\000e\000q\000u\000e\000s\000t\000\040\000B\000o\000d\000y\000\040}{section*.10}% 12
\BOOKMARK [2][-]{subsection*.13}{\376\377\000R\000e\000s\000p\000o\000n\000s\000e\000s}{section*.10}% 13
\BOOKMARK [3][-]{subsubsection*.14}{\376\377\000\040\0002\0000\0000\000\040\000S\000u\000c\000c\000e\000s\000s\000\040}{subsection*.13}% 14
\BOOKMARK [3][-]{subsubsection*.15}{\376\377\000\040\0004\0000\0000\000\040\000B\000a\000d\000\040\000R\000e\000q\000u\000e\000s\000t\000\040}{subsection*.13}% 15
\BOOKMARK [3][-]{subsubsection*.16}{\376\377\000\040\0004\0000\0003\000\040\000F\000o\000r\000b\000i\000d\000d\000e\000n\000\040}{subsection*.13}% 16
\BOOKMARK [1][-]{section*.17}{\376\377\000\040\000/\000v\0001\000/\000g\000a\000e\000n\000/\000e\000x\000p\000o\000s\000e\000d\000n\000e\000x\000t\000d\000a\000y\000\040}{section*.5}% 17
\BOOKMARK [2][-]{subsection*.18}{\376\377\000\040\000R\000e\000q\000u\000e\000s\000t\000\040\000H\000e\000a\000d\000e\000r\000s\000\040}{section*.17}% 18
\BOOKMARK [2][-]{subsection*.19}{\376\377\000\040\000R\000e\000q\000u\000e\000s\000t\000\040\000B\000o\000d\000y\000\040}{section*.17}% 19
\BOOKMARK [2][-]{subsection*.20}{\376\377\000R\000e\000s\000p\000o\000n\000s\000e\000s}{section*.17}% 20
\BOOKMARK [3][-]{subsubsection*.21}{\376\377\000\040\0002\0000\0000\000\040\000S\000u\000c\000c\000e\000s\000s\000\040}{subsection*.20}% 21
\BOOKMARK [3][-]{subsubsection*.22}{\376\377\000\040\0004\0000\0000\000\040\000B\000a\000d\000\040\000R\000e\000q\000u\000e\000s\000t\000\040}{subsection*.20}% 22
\BOOKMARK [3][-]{subsubsection*.23}{\376\377\000\040\0004\0000\0003\000\040\000F\000o\000r\000b\000i\000d\000d\000e\000n\000\040}{subsection*.20}% 23
\BOOKMARK [1][-]{section*.24}{\376\377\000\040\000/\000v\0001\000/\000g\000a\000e\000n\000/\000e\000x\000p\000o\000s\000e\000d\000/\000k\000e\000y\000D\000a\000t\000e\000\040}{section*.5}% 24
\BOOKMARK [2][-]{subsection*.25}{\376\377\000\040\000Q\000u\000e\000r\000y\000\040\000P\000a\000r\000a\000m\000e\000t\000e\000r\000s\000\040}{section*.24}% 25
\BOOKMARK [2][-]{subsection*.26}{\376\377\000\040\000P\000a\000t\000h\000\040\000P\000a\000r\000a\000m\000e\000t\000e\000r\000s\000\040}{section*.24}% 26
\BOOKMARK [2][-]{subsection*.27}{\376\377\000R\000e\000s\000p\000o\000n\000s\000e\000s}{section*.24}% 27
\BOOKMARK [3][-]{subsubsection*.28}{\376\377\000\040\0002\0000\0000\000\040\000S\000u\000c\000c\000e\000s\000s\000\040}{subsection*.27}% 28
\BOOKMARK [3][-]{subsubsection*.29}{\376\377\000\040\0005\0000\0000\000\040\000I\000n\000t\000e\000r\000n\000a\000l\000\040\000S\000e\000r\000v\000e\000r\000\040\000E\000r\000r\000o\000r\000\040}{subsection*.27}% 29
\BOOKMARK [1][-]{section*.30}{\376\377\000\040\000/\000v\0001\000/\000g\000a\000e\000n\000/\000b\000u\000c\000k\000e\000t\000s\000/\000d\000a\000y\000D\000a\000t\000e\000S\000t\000r\000\040}{section*.5}% 30
\BOOKMARK [2][-]{subsection*.31}{\376\377\000\040\000P\000a\000t\000h\000\040\000P\000a\000r\000a\000m\000e\000t\000e\000r\000s\000\040}{section*.30}% 31
\BOOKMARK [2][-]{subsection*.32}{\376\377\000R\000e\000s\000p\000o\000n\000s\000e\000s}{section*.30}% 32
\BOOKMARK [3][-]{subsubsection*.33}{\376\377\000\040\0002\0000\0000\000\040\000S\000u\000c\000c\000e\000s\000s\000\040}{subsection*.32}% 33
\BOOKMARK [3][-]{subsubsection*.34}{\376\377\000\040\0005\0000\0000\000\040\000I\000n\000t\000e\000r\000n\000a\000l\000\040\000S\000e\000r\000v\000e\000r\000\040\000E\000r\000r\000o\000r\000\040}{subsection*.32}% 34
\BOOKMARK [1][-]{section*.35}{\376\377\000\040\000/\000v\0002\000/\000g\000a\000e\000n\000/\000\040}{section*.5}% 35
\BOOKMARK [2][-]{subsection*.36}{\376\377\000R\000e\000s\000p\000o\000n\000s\000e\000s}{section*.35}% 36
\BOOKMARK [3][-]{subsubsection*.37}{\376\377\000\040\0002\0000\0000\000\040\000S\000u\000c\000c\000e\000s\000s\000\040}{subsection*.36}% 37
\BOOKMARK [1][-]{section*.38}{\376\377\000\040\000/\000v\0002\000/\000g\000a\000e\000n\000/\000e\000x\000p\000o\000s\000e\000d\000\040}{section*.5}% 38
\BOOKMARK [2][-]{subsection*.39}{\376\377\000\040\000R\000e\000q\000u\000e\000s\000t\000\040\000H\000e\000a\000d\000e\000r\000s\000\040}{section*.38}% 39
\BOOKMARK [2][-]{subsection*.40}{\376\377\000\040\000Q\000u\000e\000r\000y\000\040\000P\000a\000r\000a\000m\000e\000t\000e\000r\000s\000\040}{section*.38}% 40
\BOOKMARK [2][-]{subsection*.41}{\376\377\000\040\000R\000e\000q\000u\000e\000s\000t\000\040\000B\000o\000d\000y\000\040}{section*.38}% 41
\BOOKMARK [2][-]{subsection*.42}{\376\377\000R\000e\000s\000p\000o\000n\000s\000e\000s}{section*.38}% 42
\BOOKMARK [3][-]{subsubsection*.43}{\376\377\000\040\0002\0000\0000\000\040\000S\000u\000c\000c\000e\000s\000s\000\040}{subsection*.42}% 43
\BOOKMARK [3][-]{subsubsection*.44}{\376\377\000\040\0004\0000\0000\000\040\000B\000a\000d\000\040\000R\000e\000q\000u\000e\000s\000t\000\040}{subsection*.42}% 44
\BOOKMARK [3][-]{subsubsection*.45}{\376\377\000\040\0004\0000\0003\000\040\000F\000o\000r\000b\000i\000d\000d\000e\000n\000\040}{subsection*.42}% 45
\BOOKMARK [3][-]{subsubsection*.46}{\376\377\000\040\0002\0000\0000\000\040\000S\000u\000c\000c\000e\000s\000s\000\040}{subsection*.42}% 46
\BOOKMARK [3][-]{subsubsection*.47}{\376\377\000\040\0005\0000\0000\000\040\000I\000n\000t\000e\000r\000n\000a\000l\000\040\000S\000e\000r\000v\000e\000r\000\040\000E\000r\000r\000o\000r\000\040}{subsection*.42}% 47
\BOOKMARK [1][-]{section*.48}{\376\377\000\040\000/\000v\0002\000/\000g\000a\000e\000n\000/\000e\000x\000p\000o\000s\000e\000d\000/\000r\000a\000w\000\040}{section*.5}% 48
\BOOKMARK [2][-]{subsection*.49}{\376\377\000\040\000Q\000u\000e\000r\000y\000\040\000P\000a\000r\000a\000m\000e\000t\000e\000r\000s\000\040}{section*.48}% 49
\BOOKMARK [2][-]{subsection*.50}{\376\377\000R\000e\000s\000p\000o\000n\000s\000e\000s}{section*.48}% 50
\BOOKMARK [3][-]{subsubsection*.51}{\376\377\000\040\0002\0000\0000\000\040\000S\000u\000c\000c\000e\000s\000s\000\040}{subsection*.50}% 51
\BOOKMARK [3][-]{subsubsection*.52}{\376\377\000\040\0005\0000\0000\000\040\000I\000n\000t\000e\000r\000n\000a\000l\000\040\000S\000e\000r\000v\000e\000r\000\040\000E\000r\000r\000o\000r\000\040}{subsection*.50}% 52
\BOOKMARK [0][-]{section*.53}{\376\377\000M\000o\000d\000e\000l\000s}{}% 53
\BOOKMARK [1][-]{subsection*.54}{\376\377\000\040\000D\000a\000y\000B\000u\000c\000k\000e\000t\000s\000\040}{section*.53}% 54
\BOOKMARK [2][-]{subsection*.55}{\376\377\000\040\000G\000a\000e\000n\000K\000e\000y\000\040}{subsection*.54}% 55
\BOOKMARK [2][-]{subsection*.56}{\376\377\000\040\000G\000a\000e\000n\000R\000e\000q\000u\000e\000s\000t\000\040}{subsection*.54}% 56
\BOOKMARK [2][-]{subsection*.57}{\376\377\000\040\000G\000a\000e\000n\000S\000e\000c\000o\000n\000d\000D\000a\000y\000\040}{subsection*.54}% 57
\BOOKMARK [2][-]{subsection*.58}{\376\377\000\040\000G\000a\000e\000n\000V\0002\000U\000p\000l\000o\000a\000d\000K\000e\000y\000s\000R\000e\000q\000u\000e\000s\000t\000\040}{subsection*.54}% 58
